<?xml version="1.0" encoding="UTF-8"?>
<!-- Generated by org.testng.reporters.JUnitReportReporter -->
<testsuite skipped="0" hostname="DESKTOP-FBQO5RO" name="com.extentReports.LoginTest" tests="2" failures="0" timestamp="2021-02-27T19:16:55 IST" time="34.310" errors="0">
  <testcase name="loginTest" time="34.307" classname="com.extentReports.LoginTest"/>
  <testcase name="dummyTest" time="0.003" classname="com.extentReports.LoginTest"/>
</testsuite> <!-- com.extentReports.LoginTest -->
